Arguments: 
  /usr/local/Cellar/node/10.3.0/bin/node /usr/local/Cellar/yarn/1.7.0/libexec/bin/yarn.js add @types/fastify-url-data

PATH: 
  /usr/local/opt/qt/bin:/usr/local/opt/llvm/bin:/usr/local/opt/openssl@1.1/bin:/Users/Carter/.cargo/bin:/usr/local/opt/fzf/bin:/usr/local/opt/coreutils/libexec/gnubin:/Users/Carter/go/bin:/opt/X11/bin:/Applications/VMware Fusion.app/Contents/Public:/usr/local/share/dotnet:/Library/Frameworks/Mono.framework/Versions/Current/Commands:/Applications/Wireshark.app/Contents/MacOS:/usr/local/bin:/usr/bin:/bin:/usr/local/sbin:/usr/sbin:/sbin

Yarn version: 
  1.7.0

Node version: 
  10.3.0

Platform: 
  darwin x64

Trace: 
  Error: http://registry.npm.taobao.org/@types%2ffastify-url-data: Not found
      at Request.params.callback [as _callback] (/usr/local/Cellar/yarn/1.7.0/libexec/lib/cli.js:65656:18)
      at Request.self.callback (/usr/local/Cellar/yarn/1.7.0/libexec/lib/cli.js:134675:22)
      at Request.emit (events.js:182:13)
      at Request.<anonymous> (/usr/local/Cellar/yarn/1.7.0/libexec/lib/cli.js:135658:10)
      at Request.emit (events.js:182:13)
      at IncomingMessage.<anonymous> (/usr/local/Cellar/yarn/1.7.0/libexec/lib/cli.js:135578:12)
      at Object.onceWrapper (events.js:273:13)
      at IncomingMessage.emit (events.js:187:15)
      at endReadableNT (_stream_readable.js:1090:12)
      at process._tickCallback (internal/process/next_tick.js:63:19)

npm manifest: 
  {
    "name": "devserver",
    "version": "1.0.0",
    "main": "index.js",
    "license": "MIT",
    "dependencies": {
      "@types/node": "^10.3.0",
      "fastify": "^1.5.0"
    }
  }

yarn manifest: 
  No manifest

Lockfile: 
  # THIS IS AN AUTOGENERATED FILE. DO NOT EDIT THIS FILE DIRECTLY.
  # yarn lockfile v1
  
  
  "@types/events@*":
    version "1.2.0"
    resolved "http://registry.npm.taobao.org/@types/events/download/@types/events-1.2.0.tgz#81a6731ce4df43619e5c8c945383b3e62a89ea86"
  
  "@types/node@*", "@types/node@^10.3.0":
    version "10.3.0"
    resolved "http://registry.npm.taobao.org/@types/node/download/@types/node-10.3.0.tgz#078516315a84d56216b5d4fed8f75d59d3b16cac"
  
  "@types/pino@^4.7.1":
    version "4.16.0"
    resolved "http://registry.npm.taobao.org/@types/pino/download/@types/pino-4.16.0.tgz#802d0e8d36009a39c5c9163634a3344073f04be5"
    dependencies:
      "@types/events" "*"
      "@types/node" "*"
  
  abstract-logging@^1.0.0:
    version "1.0.0"
    resolved "http://registry.npm.taobao.org/abstract-logging/download/abstract-logging-1.0.0.tgz#8b7deafd310559bc28f77724dd1bb30177278c1b"
  
  ajv@^6.0.0, ajv@^6.4.0, ajv@^6.5.0:
    version "6.5.0"
    resolved "http://registry.npm.taobao.org/ajv/download/ajv-6.5.0.tgz#4c8affdf80887d8f132c9c52ab8a2dc4d0b7b24c"
    dependencies:
      fast-deep-equal "^2.0.1"
      fast-json-stable-stringify "^2.0.0"
      json-schema-traverse "^0.3.0"
      uri-js "^4.2.1"
  
  ansi-styles@^3.2.1:
    version "3.2.1"
    resolved "http://registry.npm.taobao.org/ansi-styles/download/ansi-styles-3.2.1.tgz#41fbb20243e50b12be0f04b8dedbf07520ce841d"
    dependencies:
      color-convert "^1.9.0"
  
  avvio@^5.4.3:
    version "5.4.3"
    resolved "http://registry.npm.taobao.org/avvio/download/avvio-5.4.3.tgz#a48a676cc05bc087f0e55cc6316052fb0d5049de"
    dependencies:
      debug "^3.1.0"
      fastq "^1.5.0"
  
  chalk@^2.4.1:
    version "2.4.1"
    resolved "http://registry.npm.taobao.org/chalk/download/chalk-2.4.1.tgz#18c49ab16a037b6eb0152cc83e3471338215b66e"
    dependencies:
      ansi-styles "^3.2.1"
      escape-string-regexp "^1.0.5"
      supports-color "^5.3.0"
  
  color-convert@^1.9.0:
    version "1.9.1"
    resolved "http://registry.npm.taobao.org/color-convert/download/color-convert-1.9.1.tgz#c1261107aeb2f294ebffec9ed9ecad529a6097ed"
    dependencies:
      color-name "^1.1.1"
  
  color-name@^1.1.1:
    version "1.1.3"
    resolved "http://registry.npm.taobao.org/color-name/download/color-name-1.1.3.tgz#a7d0558bd89c42f795dd42328f740831ca53bc25"
  
  core-util-is@~1.0.0:
    version "1.0.2"
    resolved "http://registry.npm.taobao.org/core-util-is/download/core-util-is-1.0.2.tgz#b5fd54220aa2bc5ab57aab7140c940754503c1a7"
  
  debug@^3.1.0:
    version "3.1.0"
    resolved "http://registry.npm.taobao.org/debug/download/debug-3.1.0.tgz#5bb5a0672628b64149566ba16819e61518c67261"
    dependencies:
      ms "2.0.0"
  
  deepmerge@^2.1.0:
    version "2.1.1"
    resolved "http://registry.npm.taobao.org/deepmerge/download/deepmerge-2.1.1.tgz#e862b4e45ea0555072bf51e7fd0d9845170ae768"
  
  end-of-stream@^1.1.0, end-of-stream@^1.4.1:
    version "1.4.1"
    resolved "http://registry.npm.taobao.org/end-of-stream/download/end-of-stream-1.4.1.tgz#ed29634d19baba463b6ce6b80a37213eab71ec43"
    dependencies:
      once "^1.4.0"
  
  escape-string-regexp@^1.0.5:
    version "1.0.5"
    resolved "http://registry.npm.taobao.org/escape-string-regexp/download/escape-string-regexp-1.0.5.tgz#1b61c0562190a8dff6ae3bb2cf0200ca130b86d4"
  
  fast-decode-uri-component@^1.0.0:
    version "1.0.0"
    resolved "http://registry.npm.taobao.org/fast-decode-uri-component/download/fast-decode-uri-component-1.0.0.tgz#7ce10336aa4b26286fee93d71e6785ff0f596a33"
  
  fast-deep-equal@^2.0.1:
    version "2.0.1"
    resolved "http://registry.npm.taobao.org/fast-deep-equal/download/fast-deep-equal-2.0.1.tgz#7b05218ddf9667bf7f370bf7fdb2cb15fdd0aa49"
  
  fast-json-parse@^1.0.3:
    version "1.0.3"
    resolved "http://registry.npm.taobao.org/fast-json-parse/download/fast-json-parse-1.0.3.tgz#43e5c61ee4efa9265633046b770fb682a7577c4d"
  
  fast-json-stable-stringify@^2.0.0:
    version "2.0.0"
    resolved "http://registry.npm.taobao.org/fast-json-stable-stringify/download/fast-json-stable-stringify-2.0.0.tgz#d5142c0caee6b1189f87d3a76111064f86c8bbf2"
  
  fast-json-stringify@^1.5.2:
    version "1.5.3"
    resolved "http://registry.npm.taobao.org/fast-json-stringify/download/fast-json-stringify-1.5.3.tgz#c8272689f4618af9b7fb45854b367405e0bcc696"
    dependencies:
      ajv "^6.5.0"
      deepmerge "^2.1.0"
  
  fast-safe-stringify@^1.0.8, fast-safe-stringify@^1.2.3:
    version "1.2.3"
    resolved "http://registry.npm.taobao.org/fast-safe-stringify/download/fast-safe-stringify-1.2.3.tgz#9fe22c37fb2f7f86f06b8f004377dbf8f1ee7bc1"
  
  fastify@^1.5.0:
    version "1.5.0"
    resolved "http://registry.npm.taobao.org/fastify/download/fastify-1.5.0.tgz#b66becea39f10ab050eafdfb2bf330b78af89b81"
    dependencies:
      "@types/pino" "^4.7.1"
      abstract-logging "^1.0.0"
      ajv "^6.4.0"
      avvio "^5.4.3"
      end-of-stream "^1.4.1"
      fast-json-stringify "^1.5.2"
      find-my-way "^1.12.0"
      flatstr "^1.0.5"
      light-my-request "^2.0.2"
      middie "^3.1.0"
      pino "^4.16.1"
      tiny-lru "^1.5.2"
  
  fastq@^1.5.0:
    version "1.5.0"
    resolved "http://registry.npm.taobao.org/fastq/download/fastq-1.5.0.tgz#05e32ffb999ec2d945dda27461bf08941436448b"
    dependencies:
      reusify "^1.0.0"
  
  find-my-way@^1.12.0:
    version "1.13.0"
    resolved "http://registry.npm.taobao.org/find-my-way/download/find-my-way-1.13.0.tgz#3a81184bc40b24fe69ea8d785263c9218be5c067"
    dependencies:
      fast-decode-uri-component "^1.0.0"
      safe-regex "^1.1.0"
  
  flatstr@^1.0.5:
    version "1.0.8"
    resolved "http://registry.npm.taobao.org/flatstr/download/flatstr-1.0.8.tgz#0e849229751f2b9f6a0919f8e81e1229e84ba901"
  
  has-flag@^3.0.0:
    version "3.0.0"
    resolved "http://registry.npm.taobao.org/has-flag/download/has-flag-3.0.0.tgz#b5d454dc2199ae225699f3467e5a07f3b955bafd"
  
  inherits@~2.0.3:
    version "2.0.3"
    resolved "http://registry.npm.taobao.org/inherits/download/inherits-2.0.3.tgz#633c2c83e3da42a502f52466022480f4208261de"
  
  isarray@~1.0.0:
    version "1.0.0"
    resolved "http://registry.npm.taobao.org/isarray/download/isarray-1.0.0.tgz#bb935d48582cba168c06834957a54a3e07124f11"
  
  json-schema-traverse@^0.3.0:
    version "0.3.1"
    resolved "http://registry.npm.taobao.org/json-schema-traverse/download/json-schema-traverse-0.3.1.tgz#349a6d44c53a51de89b40805c5d5e59b417d3340"
  
  light-my-request@^2.0.2:
    version "2.0.2"
    resolved "http://registry.npm.taobao.org/light-my-request/download/light-my-request-2.0.2.tgz#19123fb6c6b746a643433d9e3f6dfcf118e95147"
    dependencies:
      ajv "^6.0.0"
      readable-stream "^2.3.3"
      safe-buffer "^5.1.1"
  
  middie@^3.1.0:
    version "3.1.0"
    resolved "http://registry.npm.taobao.org/middie/download/middie-3.1.0.tgz#99986a166e827fd0b0c8fa55f5ee28e7b6c23d9f"
    dependencies:
      path-to-regexp "^2.0.0"
      reusify "^1.0.2"
  
  ms@2.0.0:
    version "2.0.0"
    resolved "http://registry.npm.taobao.org/ms/download/ms-2.0.0.tgz#5608aeadfc00be6c2901df5f9861788de0d597c8"
  
  once@^1.3.1, once@^1.4.0:
    version "1.4.0"
    resolved "http://registry.npm.taobao.org/once/download/once-1.4.0.tgz#583b1aa775961d4b113ac17d9c50baef9dd76bd1"
    dependencies:
      wrappy "1"
  
  path-to-regexp@^2.0.0:
    version "2.2.1"
    resolved "http://registry.npm.taobao.org/path-to-regexp/download/path-to-regexp-2.2.1.tgz#90b617025a16381a879bc82a38d4e8bdeb2bcf45"
  
  pino-std-serializers@^2.0.0:
    version "2.1.0"
    resolved "http://registry.npm.taobao.org/pino-std-serializers/download/pino-std-serializers-2.1.0.tgz#01953dcaecd5f43b331ecf2e312a49c9fd64851c"
  
  pino@^4.16.1:
    version "4.17.2"
    resolved "http://registry.npm.taobao.org/pino/download/pino-4.17.2.tgz#d4d0410c4d862d9caa7b6c8c3ded6d6bb144c98f"
    dependencies:
      chalk "^2.4.1"
      fast-json-parse "^1.0.3"
      fast-safe-stringify "^1.2.3"
      flatstr "^1.0.5"
      pino-std-serializers "^2.0.0"
      pump "^3.0.0"
      quick-format-unescaped "^1.1.2"
      split2 "^2.2.0"
  
  process-nextick-args@~2.0.0:
    version "2.0.0"
    resolved "http://registry.npm.taobao.org/process-nextick-args/download/process-nextick-args-2.0.0.tgz#a37d732f4271b4ab1ad070d35508e8290788ffaa"
  
  pump@^3.0.0:
    version "3.0.0"
    resolved "http://registry.npm.taobao.org/pump/download/pump-3.0.0.tgz#b4a2116815bde2f4e1ea602354e8c75565107a64"
    dependencies:
      end-of-stream "^1.1.0"
      once "^1.3.1"
  
  punycode@^2.1.0:
    version "2.1.1"
    resolved "http://registry.npm.taobao.org/punycode/download/punycode-2.1.1.tgz#b58b010ac40c22c5657616c8d2c2c02c7bf479ec"
  
  quick-format-unescaped@^1.1.2:
    version "1.1.2"
    resolved "http://registry.npm.taobao.org/quick-format-unescaped/download/quick-format-unescaped-1.1.2.tgz#0ca581de3174becef25ac3c2e8956342381db698"
    dependencies:
      fast-safe-stringify "^1.0.8"
  
  readable-stream@^2.1.5, readable-stream@^2.3.3:
    version "2.3.6"
    resolved "http://registry.npm.taobao.org/readable-stream/download/readable-stream-2.3.6.tgz#b11c27d88b8ff1fbe070643cf94b0c79ae1b0aaf"
    dependencies:
      core-util-is "~1.0.0"
      inherits "~2.0.3"
      isarray "~1.0.0"
      process-nextick-args "~2.0.0"
      safe-buffer "~5.1.1"
      string_decoder "~1.1.1"
      util-deprecate "~1.0.1"
  
  ret@~0.1.10:
    version "0.1.15"
    resolved "http://registry.npm.taobao.org/ret/download/ret-0.1.15.tgz#b8a4825d5bdb1fc3f6f53c2bc33f81388681c7bc"
  
  reusify@^1.0.0, reusify@^1.0.2:
    version "1.0.4"
    resolved "http://registry.npm.taobao.org/reusify/download/reusify-1.0.4.tgz#90da382b1e126efc02146e90845a88db12925d76"
  
  safe-buffer@^5.1.1, safe-buffer@~5.1.0, safe-buffer@~5.1.1:
    version "5.1.2"
    resolved "http://registry.npm.taobao.org/safe-buffer/download/safe-buffer-5.1.2.tgz#991ec69d296e0313747d59bdfd2b745c35f8828d"
  
  safe-regex@^1.1.0:
    version "1.1.0"
    resolved "http://registry.npm.taobao.org/safe-regex/download/safe-regex-1.1.0.tgz#40a3669f3b077d1e943d44629e157dd48023bf2e"
    dependencies:
      ret "~0.1.10"
  
  split2@^2.2.0:
    version "2.2.0"
    resolved "http://registry.npm.taobao.org/split2/download/split2-2.2.0.tgz#186b2575bcf83e85b7d18465756238ee4ee42493"
    dependencies:
      through2 "^2.0.2"
  
  string_decoder@~1.1.1:
    version "1.1.1"
    resolved "http://registry.npm.taobao.org/string_decoder/download/string_decoder-1.1.1.tgz#9cf1611ba62685d7030ae9e4ba34149c3af03fc8"
    dependencies:
      safe-buffer "~5.1.0"
  
  supports-color@^5.3.0:
    version "5.4.0"
    resolved "http://registry.npm.taobao.org/supports-color/download/supports-color-5.4.0.tgz#1c6b337402c2137605efe19f10fec390f6faab54"
    dependencies:
      has-flag "^3.0.0"
  
  through2@^2.0.2:
    version "2.0.3"
    resolved "http://registry.npm.taobao.org/through2/download/through2-2.0.3.tgz#0004569b37c7c74ba39c43f3ced78d1ad94140be"
    dependencies:
      readable-stream "^2.1.5"
      xtend "~4.0.1"
  
  tiny-lru@^1.5.2:
    version "1.6.1"
    resolved "http://registry.npm.taobao.org/tiny-lru/download/tiny-lru-1.6.1.tgz#addb5c043311d1f07cd3a81d706ae739b8efebb1"
  
  uri-js@^4.2.1:
    version "4.2.2"
    resolved "http://registry.npm.taobao.org/uri-js/download/uri-js-4.2.2.tgz#94c540e1ff772956e2299507c010aea6c8838eb0"
    dependencies:
      punycode "^2.1.0"
  
  util-deprecate@~1.0.1:
    version "1.0.2"
    resolved "http://registry.npm.taobao.org/util-deprecate/download/util-deprecate-1.0.2.tgz#450d4dc9fa70de732762fbd2d4a28981419a0ccf"
  
  wrappy@1:
    version "1.0.2"
    resolved "http://registry.npm.taobao.org/wrappy/download/wrappy-1.0.2.tgz#b5243d8f3ec1aa35f1364605bc0d1036e30ab69f"
  
  xtend@~4.0.1:
    version "4.0.1"
    resolved "http://registry.npm.taobao.org/xtend/download/xtend-4.0.1.tgz#a5c6d532be656e23db820efb943a1f04998d63af"
